
> wamaxedu-platform@1.0.0 start:integrations
> tsx ./src/modules/integrations/src/main.ts

{"level":"info","time":"2026-01-16T20:19:10.140Z","pid":12248,"hostname":"DESKTOP-P62E320","msg":"Redis disabled (using memory store)"}
{"level":"info","time":"2026-01-16T20:19:10.144Z","pid":12248,"hostname":"DESKTOP-P62E320","msg":"Integrations Service started on port 3000"}
{"level":"info","time":"2026-01-16T20:19:38.304Z","pid":12248,"hostname":"DESKTOP-P62E320","msg":"Processing inbound webhook"}
{"level":"info","time":"2026-01-16T20:19:38.309Z","pid":12248,"hostname":"DESKTOP-P62E320","msg":"Published MessageInboundReceived event: 3bd09c30-8351-43fb-b00a-3118a0beaa2f"}
{"level":"info","time":"2026-01-16T20:19:38.315Z","pid":12248,"hostname":"DESKTOP-P62E320","msg":"Processing inbound webhook"}
{"level":"info","time":"2026-01-16T20:19:38.318Z","pid":12248,"hostname":"DESKTOP-P62E320","msg":"Published MessageInboundReceived event: 9411eb3c-63ae-4882-9574-aa5d0487f8c2"}
{"level":"info","time":"2026-01-16T20:20:20.593Z","pid":12248,"hostname":"DESKTOP-P62E320","msg":"Processing inbound webhook"}
{"level":"info","time":"2026-01-16T20:20:20.597Z","pid":12248,"hostname":"DESKTOP-P62E320","msg":"Published MessageInboundReceived event: e0702027-e9c5-4226-8749-e0d75aafdeb2"}
{"level":"info","time":"2026-01-16T20:20:20.601Z","pid":12248,"hostname":"DESKTOP-P62E320","msg":"Processing inbound webhook"}
{"level":"info","time":"2026-01-16T20:20:20.604Z","pid":12248,"hostname":"DESKTOP-P62E320","msg":"Published MessageInboundReceived event: 62fc6013-efd2-48d7-99ba-27535a93d055"}
{"level":"info","time":"2026-01-16T20:21:02.873Z","pid":12248,"hostname":"DESKTOP-P62E320","msg":"Processing inbound webhook"}
{"level":"info","time":"2026-01-16T20:21:02.879Z","pid":12248,"hostname":"DESKTOP-P62E320","msg":"Published MessageInboundReceived event: a7797131-c515-409a-9274-8646b76cbc10"}
{"level":"info","time":"2026-01-16T20:21:02.885Z","pid":12248,"hostname":"DESKTOP-P62E320","msg":"Processing inbound webhook"}
{"level":"info","time":"2026-01-16T20:21:02.893Z","pid":12248,"hostname":"DESKTOP-P62E320","msg":"Published MessageInboundReceived event: 2639cbe0-38ca-40d9-a41f-4032b4cb7bcb"}
{"level":"info","time":"2026-01-16T20:21:45.202Z","pid":12248,"hostname":"DESKTOP-P62E320","msg":"Processing inbound webhook"}
{"level":"info","time":"2026-01-16T20:21:45.207Z","pid":12248,"hostname":"DESKTOP-P62E320","msg":"Published MessageInboundReceived event: 33355d4a-df89-45d5-90de-74bdedcde79d"}
{"level":"info","time":"2026-01-16T20:21:45.211Z","pid":12248,"hostname":"DESKTOP-P62E320","msg":"Processing inbound webhook"}
{"level":"info","time":"2026-01-16T20:21:45.215Z","pid":12248,"hostname":"DESKTOP-P62E320","msg":"Published MessageInboundReceived event: 2c17145a-fee3-42dd-b93b-35d6bcf6028f"}
{"level":"info","time":"2026-01-16T20:22:27.610Z","pid":12248,"hostname":"DESKTOP-P62E320","msg":"Processing inbound webhook"}
{"level":"info","time":"2026-01-16T20:22:27.615Z","pid":12248,"hostname":"DESKTOP-P62E320","msg":"Published MessageInboundReceived event: 20c5d5a4-6e21-4801-b57f-b643e7e994a3"}
{"level":"info","time":"2026-01-16T20:22:27.618Z","pid":12248,"hostname":"DESKTOP-P62E320","msg":"Processing inbound webhook"}
{"level":"info","time":"2026-01-16T20:22:27.622Z","pid":12248,"hostname":"DESKTOP-P62E320","msg":"Published MessageInboundReceived event: fdf51f76-d4c2-404a-b5a9-d0eb3b47b78b"}
{"level":"info","time":"2026-01-16T20:23:09.917Z","pid":12248,"hostname":"DESKTOP-P62E320","msg":"Processing inbound webhook"}
{"level":"info","time":"2026-01-16T20:23:09.922Z","pid":12248,"hostname":"DESKTOP-P62E320","msg":"Published MessageInboundReceived event: 9bc7c886-61c6-420d-bbf8-d63af9eaa911"}
{"level":"info","time":"2026-01-16T20:23:09.926Z","pid":12248,"hostname":"DESKTOP-P62E320","msg":"Processing inbound webhook"}
{"level":"info","time":"2026-01-16T20:23:09.931Z","pid":12248,"hostname":"DESKTOP-P62E320","msg":"Published MessageInboundReceived event: db0e876d-3916-47a6-9704-9c59573073ba"}
{"level":"info","time":"2026-01-16T20:23:52.209Z","pid":12248,"hostname":"DESKTOP-P62E320","msg":"Processing inbound webhook"}
{"level":"info","time":"2026-01-16T20:23:52.213Z","pid":12248,"hostname":"DESKTOP-P62E320","msg":"Published MessageInboundReceived event: 92c4a12e-8635-4d0f-8572-5bf8d4444be2"}
{"level":"info","time":"2026-01-16T20:23:52.216Z","pid":12248,"hostname":"DESKTOP-P62E320","msg":"Processing inbound webhook"}
{"level":"info","time":"2026-01-16T20:23:52.221Z","pid":12248,"hostname":"DESKTOP-P62E320","msg":"Published MessageInboundReceived event: 0f93c69a-35ff-450b-8e89-aab422f4fb41"}
{"level":"info","time":"2026-01-16T20:24:34.494Z","pid":12248,"hostname":"DESKTOP-P62E320","msg":"Processing inbound webhook"}
{"level":"info","time":"2026-01-16T20:24:34.499Z","pid":12248,"hostname":"DESKTOP-P62E320","msg":"Published MessageInboundReceived event: 82d22417-48d4-4803-a54f-4b2270a5970f"}
{"level":"info","time":"2026-01-16T20:24:34.501Z","pid":12248,"hostname":"DESKTOP-P62E320","msg":"Processing inbound webhook"}
{"level":"info","time":"2026-01-16T20:24:34.505Z","pid":12248,"hostname":"DESKTOP-P62E320","msg":"Published MessageInboundReceived event: f0384a52-bfe7-48f8-949d-868d049e2f11"}
{"level":"info","time":"2026-01-16T20:25:16.783Z","pid":12248,"hostname":"DESKTOP-P62E320","msg":"Processing inbound webhook"}
{"level":"info","time":"2026-01-16T20:25:16.788Z","pid":12248,"hostname":"DESKTOP-P62E320","msg":"Published MessageInboundReceived event: ecab5e7f-3ab9-43d1-bd6f-36695e7a4277"}
{"level":"info","time":"2026-01-16T20:25:16.791Z","pid":12248,"hostname":"DESKTOP-P62E320","msg":"Processing inbound webhook"}
{"level":"info","time":"2026-01-16T20:25:16.795Z","pid":12248,"hostname":"DESKTOP-P62E320","msg":"Published MessageInboundReceived event: 49693c2e-ea4e-41fe-83ca-e7fe2be3d147"}
{"level":"info","time":"2026-01-16T20:25:59.224Z","pid":12248,"hostname":"DESKTOP-P62E320","msg":"Processing inbound webhook"}
{"level":"info","time":"2026-01-16T20:25:59.228Z","pid":12248,"hostname":"DESKTOP-P62E320","msg":"Published MessageInboundReceived event: 0ddb404b-117b-44cf-8b63-ed901a021457"}
{"level":"info","time":"2026-01-16T20:25:59.231Z","pid":12248,"hostname":"DESKTOP-P62E320","msg":"Processing inbound webhook"}
{"level":"info","time":"2026-01-16T20:25:59.234Z","pid":12248,"hostname":"DESKTOP-P62E320","msg":"Published MessageInboundReceived event: af21884a-880c-467d-aabe-04e43c961165"}
{"level":"info","time":"2026-01-16T20:26:41.525Z","pid":12248,"hostname":"DESKTOP-P62E320","msg":"Processing inbound webhook"}
{"level":"info","time":"2026-01-16T20:26:41.529Z","pid":12248,"hostname":"DESKTOP-P62E320","msg":"Published MessageInboundReceived event: 98b5d489-7bcd-4e62-be58-8d303aca3c2c"}
{"level":"info","time":"2026-01-16T20:26:41.531Z","pid":12248,"hostname":"DESKTOP-P62E320","msg":"Processing inbound webhook"}
{"level":"info","time":"2026-01-16T20:26:41.536Z","pid":12248,"hostname":"DESKTOP-P62E320","msg":"Published MessageInboundReceived event: 5969beb8-e6b2-4637-b04b-dc860370af84"}
{"level":"info","time":"2026-01-16T20:27:23.831Z","pid":12248,"hostname":"DESKTOP-P62E320","msg":"Processing inbound webhook"}
{"level":"info","time":"2026-01-16T20:27:23.835Z","pid":12248,"hostname":"DESKTOP-P62E320","msg":"Published MessageInboundReceived event: ab615b08-0824-4442-b8ae-41def3cbc86f"}
{"level":"info","time":"2026-01-16T20:27:23.838Z","pid":12248,"hostname":"DESKTOP-P62E320","msg":"Processing inbound webhook"}
{"level":"info","time":"2026-01-16T20:27:23.843Z","pid":12248,"hostname":"DESKTOP-P62E320","msg":"Published MessageInboundReceived event: e105475b-3f0d-47b5-902d-1eb87acc981a"}
{"level":"info","time":"2026-01-16T20:28:06.126Z","pid":12248,"hostname":"DESKTOP-P62E320","msg":"Processing inbound webhook"}
{"level":"info","time":"2026-01-16T20:28:06.131Z","pid":12248,"hostname":"DESKTOP-P62E320","msg":"Published MessageInboundReceived event: 3b1d04e1-3968-4104-998d-3a66d0c20bcb"}
{"level":"info","time":"2026-01-16T20:28:06.134Z","pid":12248,"hostname":"DESKTOP-P62E320","msg":"Processing inbound webhook"}
{"level":"info","time":"2026-01-16T20:28:06.139Z","pid":12248,"hostname":"DESKTOP-P62E320","msg":"Published MessageInboundReceived event: 67184693-a06a-4ce6-83a4-ef8972e9f227"}
{"level":"info","time":"2026-01-16T20:28:48.435Z","pid":12248,"hostname":"DESKTOP-P62E320","msg":"Processing inbound webhook"}
{"level":"info","time":"2026-01-16T20:28:48.440Z","pid":12248,"hostname":"DESKTOP-P62E320","msg":"Published MessageInboundReceived event: 53da7ff5-d90c-4319-b963-128d90c6a567"}
{"level":"info","time":"2026-01-16T20:28:48.443Z","pid":12248,"hostname":"DESKTOP-P62E320","msg":"Processing inbound webhook"}
{"level":"info","time":"2026-01-16T20:28:48.448Z","pid":12248,"hostname":"DESKTOP-P62E320","msg":"Published MessageInboundReceived event: 4f2a3c8d-4cbc-475a-8a04-d4c649e8cac2"}
{"level":"info","time":"2026-01-16T20:29:30.728Z","pid":12248,"hostname":"DESKTOP-P62E320","msg":"Processing inbound webhook"}
{"level":"info","time":"2026-01-16T20:29:30.733Z","pid":12248,"hostname":"DESKTOP-P62E320","msg":"Published MessageInboundReceived event: a201f51a-aa2d-47df-885d-438957f16a51"}
{"level":"info","time":"2026-01-16T20:29:30.735Z","pid":12248,"hostname":"DESKTOP-P62E320","msg":"Processing inbound webhook"}
{"level":"info","time":"2026-01-16T20:29:30.740Z","pid":12248,"hostname":"DESKTOP-P62E320","msg":"Published MessageInboundReceived event: 3855f7a7-fbcb-448e-960f-8d0de45aa1dd"}
{"level":"info","time":"2026-01-16T20:30:13.015Z","pid":12248,"hostname":"DESKTOP-P62E320","msg":"Processing inbound webhook"}
{"level":"info","time":"2026-01-16T20:30:13.019Z","pid":12248,"hostname":"DESKTOP-P62E320","msg":"Published MessageInboundReceived event: 6f4922f4-0b79-448a-b479-b07766128341"}
{"level":"info","time":"2026-01-16T20:30:13.022Z","pid":12248,"hostname":"DESKTOP-P62E320","msg":"Processing inbound webhook"}
{"level":"info","time":"2026-01-16T20:30:13.026Z","pid":12248,"hostname":"DESKTOP-P62E320","msg":"Published MessageInboundReceived event: a6a4804b-ab6b-46ff-8f55-046ee6b9b69a"}
{"level":"info","time":"2026-01-16T20:30:55.291Z","pid":12248,"hostname":"DESKTOP-P62E320","msg":"Processing inbound webhook"}
{"level":"info","time":"2026-01-16T20:30:55.297Z","pid":12248,"hostname":"DESKTOP-P62E320","msg":"Published MessageInboundReceived event: 4fe942be-ea31-4819-be14-d79921733940"}
{"level":"info","time":"2026-01-16T20:30:55.300Z","pid":12248,"hostname":"DESKTOP-P62E320","msg":"Processing inbound webhook"}
{"level":"info","time":"2026-01-16T20:30:55.305Z","pid":12248,"hostname":"DESKTOP-P62E320","msg":"Published MessageInboundReceived event: 64f1877f-6df6-4f42-838c-3235b5101e87"}
{"level":"info","time":"2026-01-16T20:31:37.575Z","pid":12248,"hostname":"DESKTOP-P62E320","msg":"Processing inbound webhook"}
{"level":"info","time":"2026-01-16T20:31:37.594Z","pid":12248,"hostname":"DESKTOP-P62E320","msg":"Published MessageInboundReceived event: ce69d83a-dba5-4cad-b3ec-6021bcd41cd9"}
{"level":"info","time":"2026-01-16T20:31:37.598Z","pid":12248,"hostname":"DESKTOP-P62E320","msg":"Processing inbound webhook"}
{"level":"info","time":"2026-01-16T20:31:37.604Z","pid":12248,"hostname":"DESKTOP-P62E320","msg":"Published MessageInboundReceived event: 91a45816-b16e-4f32-b8df-a4c705609c65"}
{"level":"info","time":"2026-01-16T20:32:19.897Z","pid":12248,"hostname":"DESKTOP-P62E320","msg":"Processing inbound webhook"}
{"level":"info","time":"2026-01-16T20:32:19.913Z","pid":12248,"hostname":"DESKTOP-P62E320","msg":"Published MessageInboundReceived event: 1aa585ef-ee7d-4948-b878-720cb0dcb3f6"}
{"level":"info","time":"2026-01-16T20:32:19.916Z","pid":12248,"hostname":"DESKTOP-P62E320","msg":"Processing inbound webhook"}
{"level":"info","time":"2026-01-16T20:32:19.922Z","pid":12248,"hostname":"DESKTOP-P62E320","msg":"Published MessageInboundReceived event: 92bab123-8224-4711-aca4-47eb762972e7"}
{"level":"info","time":"2026-01-16T20:33:02.198Z","pid":12248,"hostname":"DESKTOP-P62E320","msg":"Processing inbound webhook"}
{"level":"info","time":"2026-01-16T20:33:02.206Z","pid":12248,"hostname":"DESKTOP-P62E320","msg":"Published MessageInboundReceived event: f8cd2269-2d73-4e3f-ad3b-546e50018de0"}
{"level":"info","time":"2026-01-16T20:33:02.210Z","pid":12248,"hostname":"DESKTOP-P62E320","msg":"Processing inbound webhook"}
{"level":"info","time":"2026-01-16T20:33:02.217Z","pid":12248,"hostname":"DESKTOP-P62E320","msg":"Published MessageInboundReceived event: 9c791416-7bdf-4190-8d8c-8c96ab5e7bc6"}
{"level":"info","time":"2026-01-16T20:33:44.451Z","pid":12248,"hostname":"DESKTOP-P62E320","msg":"Processing inbound webhook"}
{"level":"info","time":"2026-01-16T20:33:44.455Z","pid":12248,"hostname":"DESKTOP-P62E320","msg":"Published MessageInboundReceived event: 533430c9-715d-4443-8a4c-34eb45ca41c0"}
{"level":"info","time":"2026-01-16T20:33:44.457Z","pid":12248,"hostname":"DESKTOP-P62E320","msg":"Processing inbound webhook"}
{"level":"info","time":"2026-01-16T20:33:44.461Z","pid":12248,"hostname":"DESKTOP-P62E320","msg":"Published MessageInboundReceived event: d043036f-0ecd-427b-a6b5-763902f4b719"}
{"level":"info","time":"2026-01-16T20:34:26.762Z","pid":12248,"hostname":"DESKTOP-P62E320","msg":"Processing inbound webhook"}
{"level":"info","time":"2026-01-16T20:34:26.767Z","pid":12248,"hostname":"DESKTOP-P62E320","msg":"Published MessageInboundReceived event: f15ac416-ba5e-4956-b528-405a612de8bd"}
{"level":"info","time":"2026-01-16T20:34:26.770Z","pid":12248,"hostname":"DESKTOP-P62E320","msg":"Processing inbound webhook"}
{"level":"info","time":"2026-01-16T20:34:26.773Z","pid":12248,"hostname":"DESKTOP-P62E320","msg":"Published MessageInboundReceived event: 7d4d83e9-6c2c-471b-abf9-5393a0700be9"}
{"level":"info","time":"2026-01-16T20:35:09.051Z","pid":12248,"hostname":"DESKTOP-P62E320","msg":"Processing inbound webhook"}
{"level":"info","time":"2026-01-16T20:35:09.056Z","pid":12248,"hostname":"DESKTOP-P62E320","msg":"Published MessageInboundReceived event: d6cf04f5-05aa-408d-b8a6-b94c9ce78cf7"}
{"level":"info","time":"2026-01-16T20:35:09.059Z","pid":12248,"hostname":"DESKTOP-P62E320","msg":"Processing inbound webhook"}
{"level":"info","time":"2026-01-16T20:35:09.063Z","pid":12248,"hostname":"DESKTOP-P62E320","msg":"Published MessageInboundReceived event: da2fd81c-e697-46a7-befb-9b95786bcbca"}
{"level":"info","time":"2026-01-16T20:35:51.335Z","pid":12248,"hostname":"DESKTOP-P62E320","msg":"Processing inbound webhook"}
{"level":"info","time":"2026-01-16T20:35:51.339Z","pid":12248,"hostname":"DESKTOP-P62E320","msg":"Published MessageInboundReceived event: e1f0ad1d-aece-4bc8-92dd-9a4bbb37bdd6"}
{"level":"info","time":"2026-01-16T20:35:51.342Z","pid":12248,"hostname":"DESKTOP-P62E320","msg":"Processing inbound webhook"}
{"level":"info","time":"2026-01-16T20:35:51.346Z","pid":12248,"hostname":"DESKTOP-P62E320","msg":"Published MessageInboundReceived event: e71748dd-8615-46ce-a22c-6767d63d035c"}
{"level":"info","time":"2026-01-16T20:36:33.628Z","pid":12248,"hostname":"DESKTOP-P62E320","msg":"Processing inbound webhook"}
{"level":"info","time":"2026-01-16T20:36:33.632Z","pid":12248,"hostname":"DESKTOP-P62E320","msg":"Published MessageInboundReceived event: 0634aa0f-c722-474f-9e6c-bd1393cfca50"}
{"level":"info","time":"2026-01-16T20:36:33.634Z","pid":12248,"hostname":"DESKTOP-P62E320","msg":"Processing inbound webhook"}
{"level":"info","time":"2026-01-16T20:36:33.638Z","pid":12248,"hostname":"DESKTOP-P62E320","msg":"Published MessageInboundReceived event: 8682045e-b55e-4d5d-b94f-6da8675a9b50"}
{"level":"info","time":"2026-01-16T20:37:15.940Z","pid":12248,"hostname":"DESKTOP-P62E320","msg":"Processing inbound webhook"}
{"level":"info","time":"2026-01-16T20:37:15.945Z","pid":12248,"hostname":"DESKTOP-P62E320","msg":"Published MessageInboundReceived event: 5098ac0a-8196-4f50-8e84-706c0d04c7a3"}
{"level":"info","time":"2026-01-16T20:37:15.947Z","pid":12248,"hostname":"DESKTOP-P62E320","msg":"Processing inbound webhook"}
{"level":"info","time":"2026-01-16T20:37:15.952Z","pid":12248,"hostname":"DESKTOP-P62E320","msg":"Published MessageInboundReceived event: f655bf12-c6a7-43be-a3a7-80af1e3323c9"}
{"level":"info","time":"2026-01-16T20:37:58.235Z","pid":12248,"hostname":"DESKTOP-P62E320","msg":"Processing inbound webhook"}
{"level":"info","time":"2026-01-16T20:37:58.240Z","pid":12248,"hostname":"DESKTOP-P62E320","msg":"Published MessageInboundReceived event: d791f4a8-0501-4ff6-9d95-249a769fff47"}
{"level":"info","time":"2026-01-16T20:37:58.244Z","pid":12248,"hostname":"DESKTOP-P62E320","msg":"Processing inbound webhook"}
{"level":"info","time":"2026-01-16T20:37:58.247Z","pid":12248,"hostname":"DESKTOP-P62E320","msg":"Published MessageInboundReceived event: e302c1a9-7a87-4581-bb5c-1589e5bd16f2"}
{"level":"info","time":"2026-01-16T20:38:40.518Z","pid":12248,"hostname":"DESKTOP-P62E320","msg":"Processing inbound webhook"}
{"level":"info","time":"2026-01-16T20:38:40.522Z","pid":12248,"hostname":"DESKTOP-P62E320","msg":"Published MessageInboundReceived event: 6a9c56bc-5d1b-4b86-bf8a-e6629747db9b"}
{"level":"info","time":"2026-01-16T20:38:40.525Z","pid":12248,"hostname":"DESKTOP-P62E320","msg":"Processing inbound webhook"}
{"level":"info","time":"2026-01-16T20:38:40.529Z","pid":12248,"hostname":"DESKTOP-P62E320","msg":"Published MessageInboundReceived event: ea68839b-d7e7-46cb-9232-dd33691b2260"}
{"level":"info","time":"2026-01-16T20:39:22.823Z","pid":12248,"hostname":"DESKTOP-P62E320","msg":"Processing inbound webhook"}
{"level":"info","time":"2026-01-16T20:39:22.826Z","pid":12248,"hostname":"DESKTOP-P62E320","msg":"Published MessageInboundReceived event: 88956d5a-feee-4db9-a651-c5894ed69763"}
{"level":"info","time":"2026-01-16T20:39:22.829Z","pid":12248,"hostname":"DESKTOP-P62E320","msg":"Processing inbound webhook"}
{"level":"info","time":"2026-01-16T20:39:22.833Z","pid":12248,"hostname":"DESKTOP-P62E320","msg":"Published MessageInboundReceived event: fe53e82b-9993-479b-b8dd-e5e33a7528f6"}
{"level":"info","time":"2026-01-16T20:40:05.096Z","pid":12248,"hostname":"DESKTOP-P62E320","msg":"Processing inbound webhook"}
{"level":"info","time":"2026-01-16T20:40:05.103Z","pid":12248,"hostname":"DESKTOP-P62E320","msg":"Published MessageInboundReceived event: ccc5d1ba-fd30-4f10-8804-439087f53413"}
{"level":"info","time":"2026-01-16T20:40:05.108Z","pid":12248,"hostname":"DESKTOP-P62E320","msg":"Processing inbound webhook"}
{"level":"info","time":"2026-01-16T20:40:05.114Z","pid":12248,"hostname":"DESKTOP-P62E320","msg":"Published MessageInboundReceived event: 975d4ca0-c530-4b89-903e-70ac29d21735"}
{"level":"info","time":"2026-01-16T20:40:47.376Z","pid":12248,"hostname":"DESKTOP-P62E320","msg":"Processing inbound webhook"}
{"level":"info","time":"2026-01-16T20:40:47.380Z","pid":12248,"hostname":"DESKTOP-P62E320","msg":"Published MessageInboundReceived event: e9184dd7-8963-4383-8a32-f95550c15645"}
{"level":"info","time":"2026-01-16T20:40:47.383Z","pid":12248,"hostname":"DESKTOP-P62E320","msg":"Processing inbound webhook"}
{"level":"info","time":"2026-01-16T20:40:47.387Z","pid":12248,"hostname":"DESKTOP-P62E320","msg":"Published MessageInboundReceived event: 8b67a30c-53e5-4ba4-9ff0-b4e9425b0bf7"}
{"level":"info","time":"2026-01-16T20:41:29.654Z","pid":12248,"hostname":"DESKTOP-P62E320","msg":"Processing inbound webhook"}
{"level":"info","time":"2026-01-16T20:41:29.657Z","pid":12248,"hostname":"DESKTOP-P62E320","msg":"Published MessageInboundReceived event: a0ac0e48-d932-46b1-910a-5b340545559a"}
{"level":"info","time":"2026-01-16T20:41:29.660Z","pid":12248,"hostname":"DESKTOP-P62E320","msg":"Processing inbound webhook"}
{"level":"info","time":"2026-01-16T20:41:29.664Z","pid":12248,"hostname":"DESKTOP-P62E320","msg":"Published MessageInboundReceived event: db64bb1e-7a67-4800-9a58-eede7a8ec03f"}
{"level":"info","time":"2026-01-16T20:42:11.953Z","pid":12248,"hostname":"DESKTOP-P62E320","msg":"Processing inbound webhook"}
{"level":"info","time":"2026-01-16T20:42:11.959Z","pid":12248,"hostname":"DESKTOP-P62E320","msg":"Published MessageInboundReceived event: 35991e27-5f15-40e5-9de0-93d86b734f1e"}
{"level":"info","time":"2026-01-16T20:42:11.965Z","pid":12248,"hostname":"DESKTOP-P62E320","msg":"Processing inbound webhook"}
{"level":"info","time":"2026-01-16T20:42:11.975Z","pid":12248,"hostname":"DESKTOP-P62E320","msg":"Published MessageInboundReceived event: 5b337c94-e5c8-4691-8fe8-de9aee173ed3"}
{"level":"info","time":"2026-01-16T20:42:54.268Z","pid":12248,"hostname":"DESKTOP-P62E320","msg":"Processing inbound webhook"}
{"level":"info","time":"2026-01-16T20:42:54.271Z","pid":12248,"hostname":"DESKTOP-P62E320","msg":"Published MessageInboundReceived event: 95340a7d-8e3f-4a7a-b24a-9cd4fa42b343"}
{"level":"info","time":"2026-01-16T20:42:54.274Z","pid":12248,"hostname":"DESKTOP-P62E320","msg":"Processing inbound webhook"}
{"level":"info","time":"2026-01-16T20:42:54.278Z","pid":12248,"hostname":"DESKTOP-P62E320","msg":"Published MessageInboundReceived event: 2ebf9594-1d7b-4efc-b197-305d670b8cc8"}
{"level":"info","time":"2026-01-16T20:43:36.532Z","pid":12248,"hostname":"DESKTOP-P62E320","msg":"Processing inbound webhook"}
{"level":"info","time":"2026-01-16T20:43:36.535Z","pid":12248,"hostname":"DESKTOP-P62E320","msg":"Published MessageInboundReceived event: 654d9649-d9eb-4d76-8798-5543921cd2de"}
{"level":"info","time":"2026-01-16T20:43:36.538Z","pid":12248,"hostname":"DESKTOP-P62E320","msg":"Processing inbound webhook"}
{"level":"info","time":"2026-01-16T20:43:36.541Z","pid":12248,"hostname":"DESKTOP-P62E320","msg":"Published MessageInboundReceived event: 224bd58a-326b-41d5-a03a-50b37b7c1d32"}
{"level":"info","time":"2026-01-16T20:44:18.827Z","pid":12248,"hostname":"DESKTOP-P62E320","msg":"Processing inbound webhook"}
{"level":"info","time":"2026-01-16T20:44:18.830Z","pid":12248,"hostname":"DESKTOP-P62E320","msg":"Published MessageInboundReceived event: cc000c90-79a2-427c-8851-dda66efbfb45"}
{"level":"info","time":"2026-01-16T20:44:18.833Z","pid":12248,"hostname":"DESKTOP-P62E320","msg":"Processing inbound webhook"}
{"level":"info","time":"2026-01-16T20:44:18.836Z","pid":12248,"hostname":"DESKTOP-P62E320","msg":"Published MessageInboundReceived event: 7cc0da6c-f7e8-4ac6-872d-f31671edd570"}
{"level":"info","time":"2026-01-16T20:45:01.152Z","pid":12248,"hostname":"DESKTOP-P62E320","msg":"Processing inbound webhook"}
{"level":"info","time":"2026-01-16T20:45:01.155Z","pid":12248,"hostname":"DESKTOP-P62E320","msg":"Published MessageInboundReceived event: 135f268b-b364-4aec-be64-1c4af059b0ce"}
{"level":"info","time":"2026-01-16T20:45:01.157Z","pid":12248,"hostname":"DESKTOP-P62E320","msg":"Processing inbound webhook"}
{"level":"info","time":"2026-01-16T20:45:01.161Z","pid":12248,"hostname":"DESKTOP-P62E320","msg":"Published MessageInboundReceived event: 4ca57307-e54e-4893-a900-c5bde22dd988"}
{"level":"info","time":"2026-01-16T20:45:43.444Z","pid":12248,"hostname":"DESKTOP-P62E320","msg":"Processing inbound webhook"}
{"level":"info","time":"2026-01-16T20:45:43.447Z","pid":12248,"hostname":"DESKTOP-P62E320","msg":"Published MessageInboundReceived event: e555a326-710d-4500-8f25-29fd27dcb6af"}
{"level":"info","time":"2026-01-16T20:45:43.450Z","pid":12248,"hostname":"DESKTOP-P62E320","msg":"Processing inbound webhook"}
{"level":"info","time":"2026-01-16T20:45:43.453Z","pid":12248,"hostname":"DESKTOP-P62E320","msg":"Published MessageInboundReceived event: 4dbb082c-0c7b-4512-94ff-7553d1888558"}
{"level":"info","time":"2026-01-16T20:46:25.772Z","pid":12248,"hostname":"DESKTOP-P62E320","msg":"Processing inbound webhook"}
{"level":"info","time":"2026-01-16T20:46:25.775Z","pid":12248,"hostname":"DESKTOP-P62E320","msg":"Published MessageInboundReceived event: 13f836a7-8373-402c-b141-af9c272943bc"}
{"level":"info","time":"2026-01-16T20:46:25.777Z","pid":12248,"hostname":"DESKTOP-P62E320","msg":"Processing inbound webhook"}
{"level":"info","time":"2026-01-16T20:46:25.782Z","pid":12248,"hostname":"DESKTOP-P62E320","msg":"Published MessageInboundReceived event: cf9ea9a4-744a-40d8-92b3-00ba4b61f8ee"}
